0 info it worked if it ends with ok
1 verbose cli [ '/usr/local/bin/node', '/usr/local/bin/npm', 'install' ]
2 info using npm@2.14.2
3 info using node@v4.0.0
4 verbose readDependencies loading dependencies from /Applications/MAMP/htdocs/study/myhubot/package.json
5 verbose install where, deps [ '/Applications/MAMP/htdocs/study/myhubot',
5 verbose install   [ 'hubot',
5 verbose install     'hubot-diagnostics',
5 verbose install     'hubot-google-images',
5 verbose install     'hubot-google-translate',
5 verbose install     'hubot-help',
5 verbose install     'hubot-heroku-keepalive',
5 verbose install     'hubot-maps',
5 verbose install     'hubot-pugme',
5 verbose install     'hubot-redis-brain',
5 verbose install     'hubot-rules',
5 verbose install     'hubot-scripts',
5 verbose install     'hubot-shipit',
5 verbose install     'hubot-slack',
5 verbose install     'redis' ] ]
6 verbose install where, peers [ '/Applications/MAMP/htdocs/study/myhubot', [] ]
7 verbose installManyTop reading for lifecycle /Applications/MAMP/htdocs/study/myhubot/package.json
8 info preinstall myhubot@0.0.0
9 verbose installManyTop reading scoped package data from /Applications/MAMP/htdocs/study/myhubot/node_modules/hubot/package.json
10 verbose installManyTop reading scoped package data from /Applications/MAMP/htdocs/study/myhubot/node_modules/hubot-diagnostics/package.json
11 verbose installManyTop reading scoped package data from /Applications/MAMP/htdocs/study/myhubot/node_modules/hubot-google-images/package.json
12 verbose installManyTop reading scoped package data from /Applications/MAMP/htdocs/study/myhubot/node_modules/hubot-google-translate/package.json
13 verbose installManyTop reading scoped package data from /Applications/MAMP/htdocs/study/myhubot/node_modules/hubot-help/package.json
14 verbose installManyTop reading scoped package data from /Applications/MAMP/htdocs/study/myhubot/node_modules/hubot-heroku-keepalive/package.json
15 verbose installManyTop reading scoped package data from /Applications/MAMP/htdocs/study/myhubot/node_modules/hubot-maps/package.json
16 verbose installManyTop reading scoped package data from /Applications/MAMP/htdocs/study/myhubot/node_modules/hubot-pugme/package.json
17 verbose installManyTop reading scoped package data from /Applications/MAMP/htdocs/study/myhubot/node_modules/hubot-redis-brain/package.json
18 verbose installManyTop reading scoped package data from /Applications/MAMP/htdocs/study/myhubot/node_modules/hubot-rules/package.json
19 verbose installManyTop reading scoped package data from /Applications/MAMP/htdocs/study/myhubot/node_modules/hubot-scripts/package.json
20 verbose installManyTop reading scoped package data from /Applications/MAMP/htdocs/study/myhubot/node_modules/hubot-shipit/package.json
21 verbose installManyTop reading scoped package data from /Applications/MAMP/htdocs/study/myhubot/node_modules/hubot-slack/package.json
22 info package.json hubot-scripts@2.16.2 No license field.
23 verbose readDependencies loading dependencies from /Applications/MAMP/htdocs/study/myhubot/package.json
24 verbose targetResolver reading package data from /Applications/MAMP/htdocs/study/myhubot/node_modules/hubot/package.json
25 verbose targetResolver reading package data from /Applications/MAMP/htdocs/study/myhubot/node_modules/hubot-diagnostics/package.json
26 verbose targetResolver reading package data from /Applications/MAMP/htdocs/study/myhubot/node_modules/hubot-google-images/package.json
27 verbose targetResolver reading package data from /Applications/MAMP/htdocs/study/myhubot/node_modules/hubot-google-translate/package.json
28 verbose targetResolver reading package data from /Applications/MAMP/htdocs/study/myhubot/node_modules/hubot-help/package.json
29 verbose targetResolver reading package data from /Applications/MAMP/htdocs/study/myhubot/node_modules/hubot-heroku-keepalive/package.json
30 verbose targetResolver reading package data from /Applications/MAMP/htdocs/study/myhubot/node_modules/hubot-maps/package.json
31 verbose targetResolver reading package data from /Applications/MAMP/htdocs/study/myhubot/node_modules/hubot-pugme/package.json
32 verbose targetResolver reading package data from /Applications/MAMP/htdocs/study/myhubot/node_modules/hubot-redis-brain/package.json
33 verbose targetResolver reading package data from /Applications/MAMP/htdocs/study/myhubot/node_modules/hubot-rules/package.json
34 verbose targetResolver reading package data from /Applications/MAMP/htdocs/study/myhubot/node_modules/hubot-scripts/package.json
35 verbose targetResolver reading package data from /Applications/MAMP/htdocs/study/myhubot/node_modules/hubot-shipit/package.json
36 verbose targetResolver reading package data from /Applications/MAMP/htdocs/study/myhubot/node_modules/hubot-slack/package.json
37 verbose targetResolver reading package data from /Applications/MAMP/htdocs/study/myhubot/node_modules/.bin/hubot/package.json
38 verbose already installed skipping hubot-google-translate@^0.2.0 /Applications/MAMP/htdocs/study/myhubot
39 verbose already installed skipping hubot-help@^0.1.3 /Applications/MAMP/htdocs/study/myhubot
40 verbose already installed skipping hubot-heroku-keepalive@^1.0.2 /Applications/MAMP/htdocs/study/myhubot
41 verbose already installed skipping hubot-maps@0.0.2 /Applications/MAMP/htdocs/study/myhubot
42 verbose already installed skipping hubot-pugme@^0.1.0 /Applications/MAMP/htdocs/study/myhubot
43 verbose already installed skipping hubot-redis-brain@0.0.3 /Applications/MAMP/htdocs/study/myhubot
44 verbose already installed skipping hubot-rules@^0.1.1 /Applications/MAMP/htdocs/study/myhubot
45 verbose already installed skipping hubot-scripts@^2.16.2 /Applications/MAMP/htdocs/study/myhubot
46 verbose already installed skipping hubot-shipit@^0.2.0 /Applications/MAMP/htdocs/study/myhubot
47 verbose already installed skipping hubot-slack@^3.4.2 /Applications/MAMP/htdocs/study/myhubot
48 silly cache add args [ 'redis@^3.0.5', null ]
49 verbose cache add spec redis@^3.0.5
50 silly cache add parsed spec Result {
50 silly cache add   raw: 'redis@^3.0.5',
50 silly cache add   scope: null,
50 silly cache add   name: 'redis',
50 silly cache add   rawSpec: '^3.0.5',
50 silly cache add   spec: '>=3.0.5 <4.0.0',
50 silly cache add   type: 'range' }
51 silly addNamed redis@>=3.0.5 <4.0.0
52 verbose addNamed ">=3.0.5 <4.0.0" is a valid semver range for redis
53 silly addNameRange { name: 'redis', range: '>=3.0.5 <4.0.0', hasData: false }
54 silly mapToRegistry name redis
55 silly mapToRegistry using default registry
56 silly mapToRegistry registry https://registry.npmjs.org/
57 silly mapToRegistry uri https://registry.npmjs.org/redis
58 verbose addNameRange registry:https://registry.npmjs.org/redis not in flight; fetching
59 verbose already installed skipping hubot@^2.18.0 /Applications/MAMP/htdocs/study/myhubot
60 verbose already installed skipping hubot-diagnostics@0.0.1 /Applications/MAMP/htdocs/study/myhubot
61 verbose already installed skipping hubot-google-images@^0.2.6 /Applications/MAMP/htdocs/study/myhubot
62 verbose request uri https://registry.npmjs.org/redis
63 verbose request no auth needed
64 info attempt registry request try #1 at 14:33:26
65 verbose request id bf1d39012dfb3ef4
66 verbose etag "936T6QG4Y0CZ04E22JCHPMRS1"
67 http request GET https://registry.npmjs.org/redis
68 http 304 https://registry.npmjs.org/redis
69 silly get cb [ 304,
69 silly get   { date: 'Sat, 30 Jan 2016 05:33:26 GMT',
69 silly get     via: '1.1 varnish',
69 silly get     'cache-control': 'max-age=300',
69 silly get     etag: '"936T6QG4Y0CZ04E22JCHPMRS1"',
69 silly get     age: '212',
69 silly get     connection: 'keep-alive',
69 silly get     'x-served-by': 'cache-nrt6133-NRT',
69 silly get     'x-cache': 'HIT',
69 silly get     'x-cache-hits': '1',
69 silly get     'x-timer': 'S1454132006.688478,VS0,VE0',
69 silly get     vary: 'Accept' } ]
70 verbose etag https://registry.npmjs.org/redis from cache
71 verbose get saving redis to /Users/toudoukeita/.npm/registry.npmjs.org/redis/.cache.json
72 silly addNameRange number 2 { name: 'redis', range: '>=3.0.5 <4.0.0', hasData: true }
73 silly addNameRange versions [ 'redis',
73 silly addNameRange   [ '0.0.1',
73 silly addNameRange     '0.0.2',
73 silly addNameRange     '0.0.3',
73 silly addNameRange     '0.0.4',
73 silly addNameRange     '0.0.7',
73 silly addNameRange     '0.0.8',
73 silly addNameRange     '0.1.0',
73 silly addNameRange     '0.1.1',
73 silly addNameRange     '0.1.2',
73 silly addNameRange     '0.2.0',
73 silly addNameRange     '0.2.1',
73 silly addNameRange     '0.2.2',
73 silly addNameRange     '0.2.3',
73 silly addNameRange     '0.2.4',
73 silly addNameRange     '0.2.6',
73 silly addNameRange     '0.3.0',
73 silly addNameRange     '0.3.1',
73 silly addNameRange     '0.3.2',
73 silly addNameRange     '0.3.3',
73 silly addNameRange     '0.3.4',
73 silly addNameRange     '0.3.5',
73 silly addNameRange     '0.3.6',
73 silly addNameRange     '0.3.7',
73 silly addNameRange     '0.3.9',
73 silly addNameRange     '0.4.0',
73 silly addNameRange     '0.4.1',
73 silly addNameRange     '0.4.2',
73 silly addNameRange     '0.5.0',
73 silly addNameRange     '0.5.1',
73 silly addNameRange     '0.5.2',
73 silly addNameRange     '0.5.3',
73 silly addNameRange     '0.5.4',
73 silly addNameRange     '0.5.5',
73 silly addNameRange     '0.5.6',
73 silly addNameRange     '0.5.7',
73 silly addNameRange     '0.5.8',
73 silly addNameRange     '0.5.9',
73 silly addNameRange     '0.5.10',
73 silly addNameRange     '0.5.11',
73 silly addNameRange     '0.6.0',
73 silly addNameRange     '0.6.1',
73 silly addNameRange     '0.6.2',
73 silly addNameRange     '0.6.3',
73 silly addNameRange     '0.6.4',
73 silly addNameRange     '0.6.5',
73 silly addNameRange     '0.6.6',
73 silly addNameRange     '0.6.7',
73 silly addNameRange     '0.7.0',
73 silly addNameRange     '0.7.1',
73 silly addNameRange     '0.7.2',
73 silly addNameRange     '0.7.3',
73 silly addNameRange     '0.8.0',
73 silly addNameRange     '0.8.1',
73 silly addNameRange     '0.8.2',
73 silly addNameRange     '0.8.3',
73 silly addNameRange     '0.8.4',
73 silly addNameRange     '0.8.5',
73 silly addNameRange     '0.8.6',
73 silly addNameRange     '0.9.0',
73 silly addNameRange     '0.9.1',
73 silly addNameRange     '0.9.2',
73 silly addNameRange     '0.10.0',
73 silly addNameRange     '0.10.1',
73 silly addNameRange     '0.10.2',
73 silly addNameRange     '0.10.3',
73 silly addNameRange     '0.11.0',
73 silly addNameRange     '0.12.0',
73 silly addNameRange     '0.12.1',
73 silly addNameRange     '1.0.0',
73 silly addNameRange     '2.0.0',
73 silly addNameRange     '2.0.1',
73 silly addNameRange     '2.1.0',
73 silly addNameRange     '2.2.0',
73 silly addNameRange     '2.2.1',
73 silly addNameRange     '2.2.2',
73 silly addNameRange     '2.2.3',
73 silly addNameRange     '2.2.4',
73 silly addNameRange     '2.2.5',
73 silly addNameRange     '2.3.0',
73 silly addNameRange     '2.3.1',
73 silly addNameRange     '2.4.0',
73 silly addNameRange     '2.4.1',
73 silly addNameRange     '2.4.2' ] ]
74 verbose stack Error: No compatible version found: redis@'>=3.0.5 <4.0.0'
74 verbose stack Valid install targets:
74 verbose stack ["0.0.1","0.0.2","0.0.3","0.0.4","0.0.7","0.0.8","0.1.0","0.1.1","0.1.2","0.2.0","0.2.1","0.2.2","0.2.3","0.2.4","0.2.6","0.3.0","0.3.1","0.3.2","0.3.3","0.3.4","0.3.5","0.3.6","0.3.7","0.3.9","0.4.0","0.4.1","0.4.2","0.5.0","0.5.1","0.5.2","0.5.3","0.5.4","0.5.5","0.5.6","0.5.7","0.5.8","0.5.9","0.5.10","0.5.11","0.6.0","0.6.1","0.6.2","0.6.3","0.6.4","0.6.5","0.6.6","0.6.7","0.7.0","0.7.1","0.7.2","0.7.3","0.8.0","0.8.1","0.8.2","0.8.3","0.8.4","0.8.5","0.8.6","0.9.0","0.9.1","0.9.2","0.10.0","0.10.1","0.10.2","0.10.3","0.11.0","0.12.0","0.12.1","1.0.0","2.0.0","2.0.1","2.1.0","2.2.0","2.2.1","2.2.2","2.2.3","2.2.4","2.2.5","2.3.0","2.3.1","2.4.0","2.4.1","2.4.2"]
74 verbose stack
74 verbose stack     at installTargetsError (/usr/local/lib/node_modules/npm/lib/cache/add-named.js:278:12)
74 verbose stack     at next (/usr/local/lib/node_modules/npm/lib/cache/add-named.js:256:19)
74 verbose stack     at setData (/usr/local/lib/node_modules/npm/lib/cache/add-named.js:230:5)
74 verbose stack     at RES (/usr/local/lib/node_modules/npm/node_modules/inflight/inflight.js:23:14)
74 verbose stack     at f (/usr/local/lib/node_modules/npm/node_modules/once/once.js:17:25)
74 verbose stack     at fixName (/usr/local/lib/node_modules/npm/lib/cache/add-named.js:29:5)
74 verbose stack     at saved (/usr/local/lib/node_modules/npm/lib/cache/caching-client.js:173:7)
74 verbose stack     at /usr/local/lib/node_modules/npm/node_modules/graceful-fs/polyfills.js:210:7
74 verbose stack     at FSReqWrap.oncomplete (fs.js:82:15)
75 verbose cwd /Applications/MAMP/htdocs/study/myhubot/bin
76 error Darwin 14.5.0
77 error argv "/usr/local/bin/node" "/usr/local/bin/npm" "install"
78 error node v4.0.0
79 error npm  v2.14.2
80 error code ETARGET
81 error notarget No compatible version found: redis@'>=3.0.5 <4.0.0'
81 error notarget Valid install targets:
81 error notarget ["0.0.1","0.0.2","0.0.3","0.0.4","0.0.7","0.0.8","0.1.0","0.1.1","0.1.2","0.2.0","0.2.1","0.2.2","0.2.3","0.2.4","0.2.6","0.3.0","0.3.1","0.3.2","0.3.3","0.3.4","0.3.5","0.3.6","0.3.7","0.3.9","0.4.0","0.4.1","0.4.2","0.5.0","0.5.1","0.5.2","0.5.3","0.5.4","0.5.5","0.5.6","0.5.7","0.5.8","0.5.9","0.5.10","0.5.11","0.6.0","0.6.1","0.6.2","0.6.3","0.6.4","0.6.5","0.6.6","0.6.7","0.7.0","0.7.1","0.7.2","0.7.3","0.8.0","0.8.1","0.8.2","0.8.3","0.8.4","0.8.5","0.8.6","0.9.0","0.9.1","0.9.2","0.10.0","0.10.1","0.10.2","0.10.3","0.11.0","0.12.0","0.12.1","1.0.0","2.0.0","2.0.1","2.1.0","2.2.0","2.2.1","2.2.2","2.2.3","2.2.4","2.2.5","2.3.0","2.3.1","2.4.0","2.4.1","2.4.2"]
81 error notarget
81 error notarget This is most likely not a problem with npm itself.
81 error notarget In most cases you or one of your dependencies are requesting
81 error notarget a package version that doesn't exist.
81 error notarget
81 error notarget It was specified as a dependency of 'myhubot'
82 verbose exit [ 1, true ]
